0 info it worked if it ends with ok
1 verbose cli [ '/home/haiko/.nvm/versions/node/v5.5.0/bin/node',
1 verbose cli   '/home/haiko/.nvm/versions/node/v5.5.0/lib/node_modules/npm/bin/npm-cli.js',
1 verbose cli   'run-script',
1 verbose cli   'semantic-release' ]
2 info using npm@3.3.12
3 info using node@v5.5.0
4 verbose run-script [ 'presemantic-release',
4 verbose run-script   'semantic-release',
4 verbose run-script   'postsemantic-release' ]
5 info lifecycle ng2-formobject@0.0.1~presemantic-release: ng2-formobject@0.0.1
6 silly lifecycle ng2-formobject@0.0.1~presemantic-release: no script for presemantic-release, continuing
7 info lifecycle ng2-formobject@0.0.1~semantic-release: ng2-formobject@0.0.1
8 verbose lifecycle ng2-formobject@0.0.1~semantic-release: unsafe-perm in lifecycle true
9 verbose lifecycle ng2-formobject@0.0.1~semantic-release: PATH: /home/haiko/.nvm/versions/node/v5.5.0/lib/node_modules/npm/bin/node-gyp-bin:/home/haiko/IdeaProjects/angular2-objectform/node_modules/.bin:/usr/local/sbin:/usr/local/bin:/usr/sbin:/usr/bin:/sbin:/bin:/usr/games:/usr/local/games:/home/haiko/Ontwikkeling/JAVA_HOME/bin:/home/haiko/Ontwikkeling/JAVA_HOME/bin:/home/haiko/Ontwikkeling/maven/bin
10 verbose lifecycle ng2-formobject@0.0.1~semantic-release: CWD: /home/haiko/IdeaProjects/angular2-objectform
11 silly lifecycle ng2-formobject@0.0.1~semantic-release: Args: [ '-c',
11 silly lifecycle   'semantic-release pre && npm publish && semantic-release post' ]
12 silly lifecycle ng2-formobject@0.0.1~semantic-release: Returned: code: 1  signal: null
13 info lifecycle ng2-formobject@0.0.1~semantic-release: Failed to exec semantic-release script
14 verbose stack Error: ng2-formobject@0.0.1 semantic-release: `semantic-release pre && npm publish && semantic-release post`
14 verbose stack Exit status 1
14 verbose stack     at EventEmitter.<anonymous> (/home/haiko/.nvm/versions/node/v5.5.0/lib/node_modules/npm/lib/utils/lifecycle.js:232:16)
14 verbose stack     at emitTwo (events.js:100:13)
14 verbose stack     at EventEmitter.emit (events.js:185:7)
14 verbose stack     at ChildProcess.<anonymous> (/home/haiko/.nvm/versions/node/v5.5.0/lib/node_modules/npm/lib/utils/spawn.js:24:14)
14 verbose stack     at emitTwo (events.js:100:13)
14 verbose stack     at ChildProcess.emit (events.js:185:7)
14 verbose stack     at maybeClose (internal/child_process.js:821:16)
14 verbose stack     at Process.ChildProcess._handle.onexit (internal/child_process.js:211:5)
15 verbose pkgid ng2-formobject@0.0.1
16 verbose cwd /home/haiko/IdeaProjects/angular2-objectform
17 error Linux 3.13.0-88-generic
18 error argv "/home/haiko/.nvm/versions/node/v5.5.0/bin/node" "/home/haiko/.nvm/versions/node/v5.5.0/lib/node_modules/npm/bin/npm-cli.js" "run-script" "semantic-release"
19 error node v5.5.0
20 error npm  v3.3.12
21 error code ELIFECYCLE
22 error ng2-formobject@0.0.1 semantic-release: `semantic-release pre && npm publish && semantic-release post`
22 error Exit status 1
23 error Failed at the ng2-formobject@0.0.1 semantic-release script 'semantic-release pre && npm publish && semantic-release post'.
23 error Make sure you have the latest version of node.js and npm installed.
23 error If you do, this is most likely a problem with the ng2-formobject package,
23 error not with npm itself.
23 error Tell the author that this fails on your system:
23 error     semantic-release pre && npm publish && semantic-release post
23 error You can get their info via:
23 error     npm owner ls ng2-formobject
23 error There is likely additional logging output above.
24 verbose exit [ 1, true ]
